<?xml version="1.0" encoding="UTF-8"?>
<!-- Generated by org.testng.reporters.JUnitReportReporter -->
<testsuite hostname="seebeal" failures="0" tests="1" name="firstdatabase.Firstdatabase" time="0.059" errors="0" timestamp="2024-08-28T12:07:18 EET" skipped="0">
  <testcase classname="firstdatabase.Firstdatabase" name="databace" time="0.059"/>
  <system-out/>
</testsuite> <!-- firstdatabase.Firstdatabase -->
